<?xml version="1.0" encoding="UTF-8"?>
<!-- Generated by org.testng.reporters.JUnitReportReporter -->
<testsuite skipped="0" hostname="macbooks-MacBook-Pro.local" name="core.PrimeNumberCheckerTest" tests="99" failures="0" timestamp="09 Sep 2017 22:07:35 GMT" time="500.512" errors="0">
  <testcase name="test" time="5.005" classname="core.PrimeNumberCheckerTest"/>
  <testcase name="test" time="5.007" classname="core.PrimeNumberCheckerTest"/>
  <testcase name="test" time="5.003" classname="core.PrimeNumberCheckerTest"/>
  <testcase name="test" time="5.006" classname="core.PrimeNumberCheckerTest"/>
  <testcase name="test" time="5.004" classname="core.PrimeNumberCheckerTest"/>
  <testcase name="test" time="5.007" classname="core.PrimeNumberCheckerTest"/>
  <testcase name="test" time="5.003" classname="core.PrimeNumberCheckerTest"/>
  <testcase name="test" time="5.008" classname="core.PrimeNumberCheckerTest"/>
  <testcase name="test" time="5.006" classname="core.PrimeNumberCheckerTest"/>
  <testcase name="test" time="5.007" classname="core.PrimeNumberCheckerTest"/>
  <testcase name="test" time="5.004" classname="core.PrimeNumberCheckerTest"/>
  <testcase name="test" time="5.008" classname="core.PrimeNumberCheckerTest"/>
  <testcase name="test" time="5.006" classname="core.PrimeNumberCheckerTest"/>
  <testcase name="test" time="5.008" classname="core.PrimeNumberCheckerTest"/>
  <testcase name="test" time="5.005" classname="core.PrimeNumberCheckerTest"/>
  <testcase name="test" time="5.003" classname="core.PrimeNumberCheckerTest"/>
  <testcase name="test" time="5.003" classname="core.PrimeNumberCheckerTest"/>
  <testcase name="test" time="5.003" classname="core.PrimeNumberCheckerTest"/>
  <testcase name="test" time="5.003" classname="core.PrimeNumberCheckerTest"/>
  <testcase name="test" time="5.007" classname="core.PrimeNumberCheckerTest"/>
  <testcase name="test" time="5.005" classname="core.PrimeNumberCheckerTest"/>
  <testcase name="test" time="5.003" classname="core.PrimeNumberCheckerTest"/>
  <testcase name="test" time="5.003" classname="core.PrimeNumberCheckerTest"/>
  <testcase name="test" time="5.005" classname="core.PrimeNumberCheckerTest"/>
  <testcase name="test" time="5.005" classname="core.PrimeNumberCheckerTest"/>
  <testcase name="test" time="5.004" classname="core.PrimeNumberCheckerTest"/>
  <testcase name="test" time="5.004" classname="core.PrimeNumberCheckerTest"/>
  <testcase name="test" time="5.004" classname="core.PrimeNumberCheckerTest"/>
  <testcase name="test" time="5.002" classname="core.PrimeNumberCheckerTest"/>
  <testcase name="test" time="5.002" classname="core.PrimeNumberCheckerTest"/>
  <testcase name="test" time="5.003" classname="core.PrimeNumberCheckerTest"/>
  <testcase name="test" time="5.009" classname="core.PrimeNumberCheckerTest"/>
  <testcase name="test" time="5.006" classname="core.PrimeNumberCheckerTest"/>
  <testcase name="test" time="5.003" classname="core.PrimeNumberCheckerTest"/>
  <testcase name="test" time="5.004" classname="core.PrimeNumberCheckerTest"/>
  <testcase name="test" time="5.004" classname="core.PrimeNumberCheckerTest"/>
  <testcase name="test" time="5.003" classname="core.PrimeNumberCheckerTest"/>
  <testcase name="test" time="5.006" classname="core.PrimeNumberCheckerTest"/>
  <testcase name="test" time="5.003" classname="core.PrimeNumberCheckerTest"/>
  <testcase name="test" time="5.007" classname="core.PrimeNumberCheckerTest"/>
  <testcase name="test" time="5.007" classname="core.PrimeNumberCheckerTest"/>
  <testcase name="test" time="5.005" classname="core.PrimeNumberCheckerTest"/>
  <testcase name="test" time="5.003" classname="core.PrimeNumberCheckerTest"/>
  <testcase name="test" time="5.002" classname="core.PrimeNumberCheckerTest"/>
  <testcase name="test" time="5.007" classname="core.PrimeNumberCheckerTest"/>
  <testcase name="test" time="5.004" classname="core.PrimeNumberCheckerTest"/>
  <testcase name="test" time="5.002" classname="core.PrimeNumberCheckerTest"/>
  <testcase name="test" time="5.003" classname="core.PrimeNumberCheckerTest"/>
  <testcase name="test" time="5.006" classname="core.PrimeNumberCheckerTest"/>
  <testcase name="test" time="5.007" classname="core.PrimeNumberCheckerTest"/>
  <testcase name="test" time="5.003" classname="core.PrimeNumberCheckerTest"/>
  <testcase name="test" time="5.007" classname="core.PrimeNumberCheckerTest"/>
  <testcase name="test" time="5.005" classname="core.PrimeNumberCheckerTest"/>
  <testcase name="test" time="5.006" classname="core.PrimeNumberCheckerTest"/>
  <testcase name="test" time="5.003" classname="core.PrimeNumberCheckerTest"/>
  <testcase name="test" time="5.006" classname="core.PrimeNumberCheckerTest"/>
  <testcase name="test" time="5.003" classname="core.PrimeNumberCheckerTest"/>
  <testcase name="test" time="5.005" classname="core.PrimeNumberCheckerTest"/>
  <testcase name="test" time="5.003" classname="core.PrimeNumberCheckerTest"/>
  <testcase name="test" time="5.005" classname="core.PrimeNumberCheckerTest"/>
  <testcase name="test" time="5.002" classname="core.PrimeNumberCheckerTest"/>
  <testcase name="test" time="5.003" classname="core.PrimeNumberCheckerTest"/>
  <testcase name="test" time="5.008" classname="core.PrimeNumberCheckerTest"/>
  <testcase name="test" time="5.005" classname="core.PrimeNumberCheckerTest"/>
  <testcase name="test" time="5.004" classname="core.PrimeNumberCheckerTest"/>
  <testcase name="test" time="5.003" classname="core.PrimeNumberCheckerTest"/>
  <testcase name="test" time="5.005" classname="core.PrimeNumberCheckerTest"/>
  <testcase name="test" time="5.006" classname="core.PrimeNumberCheckerTest"/>
  <testcase name="test" time="5.006" classname="core.PrimeNumberCheckerTest"/>
  <testcase name="test" time="5.004" classname="core.PrimeNumberCheckerTest"/>
  <testcase name="test" time="5.008" classname="core.PrimeNumberCheckerTest"/>
  <testcase name="test" time="5.004" classname="core.PrimeNumberCheckerTest"/>
  <testcase name="test" time="5.006" classname="core.PrimeNumberCheckerTest"/>
  <testcase name="test" time="5.002" classname="core.PrimeNumberCheckerTest"/>
  <testcase name="test" time="5.004" classname="core.PrimeNumberCheckerTest"/>
  <testcase name="test" time="5.007" classname="core.PrimeNumberCheckerTest"/>
  <testcase name="test" time="5.006" classname="core.PrimeNumberCheckerTest"/>
  <testcase name="test" time="5.002" classname="core.PrimeNumberCheckerTest"/>
  <testcase name="test" time="5.002" classname="core.PrimeNumberCheckerTest"/>
  <testcase name="test" time="5.004" classname="core.PrimeNumberCheckerTest"/>
  <testcase name="test" time="5.003" classname="core.PrimeNumberCheckerTest"/>
  <testcase name="test" time="5.011" classname="core.PrimeNumberCheckerTest"/>
  <testcase name="test" time="5.002" classname="core.PrimeNumberCheckerTest"/>
  <testcase name="test" time="5.004" classname="core.PrimeNumberCheckerTest"/>
  <testcase name="test" time="5.003" classname="core.PrimeNumberCheckerTest"/>
  <testcase name="test" time="5.003" classname="core.PrimeNumberCheckerTest"/>
  <testcase name="test" time="5.006" classname="core.PrimeNumberCheckerTest"/>
  <testcase name="test" time="5.007" classname="core.PrimeNumberCheckerTest"/>
  <testcase name="test" time="5.004" classname="core.PrimeNumberCheckerTest"/>
  <testcase name="test" time="10.041" classname="core.PrimeNumberCheckerTest"/>
  <testcase name="test" time="5.009" classname="core.PrimeNumberCheckerTest"/>
  <testcase name="test" time="5.009" classname="core.PrimeNumberCheckerTest"/>
  <testcase name="test" time="5.008" classname="core.PrimeNumberCheckerTest"/>
  <testcase name="test" time="5.006" classname="core.PrimeNumberCheckerTest"/>
  <testcase name="test" time="5.005" classname="core.PrimeNumberCheckerTest"/>
  <testcase name="test" time="5.003" classname="core.PrimeNumberCheckerTest"/>
  <testcase name="test" time="5.004" classname="core.PrimeNumberCheckerTest"/>
  <testcase name="test" time="5.003" classname="core.PrimeNumberCheckerTest"/>
  <testcase name="test" time="5.007" classname="core.PrimeNumberCheckerTest"/>
</testsuite> <!-- core.PrimeNumberCheckerTest -->
